<?xml version="1.0" encoding="UTF-8"?>
<testng-results ignored="0" total="2" passed="2" failed="0" skipped="0">
  <reporter-output>
  </reporter-output>
  <suite started-at="2025-11-15T10:18:14 IST" name="Default suite" finished-at="2025-11-15T10:18:15 IST" duration-ms="79">
    <groups>
    </groups>
    <test started-at="2025-11-15T10:18:14 IST" name="Default test" finished-at="2025-11-15T10:18:15 IST" duration-ms="79">
      <class name="pac1.ContactTest">
        <test-method signature="createContactTest()[pri:0, instance:pac1.ContactTest@5677323c]" started-at="2025-11-15T10:18:15 IST" name="createContactTest" finished-at="2025-11-15T10:18:15 IST" duration-ms="17" status="PASS">
          <reporter-output>
          </reporter-output>
        </test-method> <!-- createContactTest -->
        <test-method signature="modifyContactTest()[pri:0, instance:pac1.ContactTest@5677323c]" started-at="2025-11-15T10:18:15 IST" name="modifyContactTest" finished-at="2025-11-15T10:18:15 IST" duration-ms="2" status="PASS">
          <reporter-output>
          </reporter-output>
        </test-method> <!-- modifyContactTest -->
      </class> <!-- pac1.ContactTest -->
    </test> <!-- Default test -->
  </suite> <!-- Default suite -->
</testng-results>
